<?xml version="1.0" encoding="UTF-8"?>
<!-- Generated by org.testng.reporters.JUnitXMLReporter -->
<testsuite ignored="3" hostname="DESKTOP-NE2AVD9" failures="0" tests="5" name="Test1" time="128.306" errors="0" timestamp="2023-03-31T19:44:27 IST">
  <testcase classname="TestNgPack.TestNgForLoginPage" name="VerifyLoginFunctionality" time="40.041"/>
  <testcase classname="TestNgPack.TestNgForSignUpPupup" name="test4" time="0.005"/>
  <testcase classname="TestNgPack.TestNgForSignUpPupup" name="test3" time="0.007"/>
  <testcase classname="TestNgPack.TestNgForForgetPassword" name="verifyMessageOnforgetPasswPage" time="3.061"/>
  <testcase classname="TestNgPack.TestNgForForgetPassword" name="verifytheCancelButtonOnForgetPasswordPage" time="2.499"/>
  <testcase classname="TestNgPack.TestNgForSignUpPupup" name="VerifyPrivacyPolicy" time="0.0">
    <ignored/>
  </testcase> <!-- VerifyPrivacyPolicy -->
  <testcase classname="TestNgPack.TestNgForSignUpPupup" name="verifySignUpPopUpFunctionality" time="0.0">
    <ignored/>
  </testcase> <!-- verifySignUpPopUpFunctionality -->
  <testcase classname="TestNgPack.TestNgForSignUpPupup" name="verifyCookiesPolicy" time="0.0">
    <ignored/>
  </testcase> <!-- verifyCookiesPolicy -->
</testsuite> <!-- Test1 -->
