<?xml version="1.0" encoding="UTF-8"?>
<!-- Generated by org.testng.reporters.JUnitXMLReporter -->
<testsuite ignored="3" hostname="DESKTOP-NE2AVD9" failures="0" tests="2" name="chromeTest(failed)" time="12.857" errors="0" timestamp="2023-04-10T11:18:23 IST">
  <testcase classname="TestNgPack.TestNgForSignUpPupup" name="test4" time="0.022"/>
  <testcase classname="TestNgPack.TestNgForSignUpPupup" name="test3" time="0.003"/>
  <testcase classname="TestNgPack.TestNgForSignUpPupup" name="VerifyPrivacyPolicy" time="0.0">
    <ignored/>
  </testcase> <!-- VerifyPrivacyPolicy -->
  <testcase classname="TestNgPack.TestNgForSignUpPupup" name="verifySignUpPopUpFunctionality" time="0.0">
    <ignored/>
  </testcase> <!-- verifySignUpPopUpFunctionality -->
  <testcase classname="TestNgPack.TestNgForSignUpPupup" name="verifyCookiesPolicy" time="0.0">
    <ignored/>
  </testcase> <!-- verifyCookiesPolicy -->
</testsuite> <!-- chromeTest(failed) -->
